[0m[[0m[0mdebug[0m] [0m[0m> Exec(early(addDefaultCommands), None, None)[0m
[0m[[0m[0mdebug[0m] [0m[0m> Exec(addDefaultCommands, None, None)[0m
[0m[[0m[0mdebug[0m] [0m[0m> Exec(early(initialize), None, None)[0m
[0m[[0m[0mdebug[0m] [0m[0m> Exec(initialize, None, None)[0m
[0m[[0m[0mdebug[0m] [0m[0m> Exec(boot, None, None)[0m
[0m[[0m[0mdebug[0m] [0m[0m> Exec(writeSbtVersion, None, None)[0m
[0m[[0m[0mdebug[0m] [0m[0m> Exec(reload, None, None)[0m
[0m[[0m[0mdebug[0m] [0m[0m> Exec(sbtStashOnFailure, None, None)[0m
[0m[[0m[0mdebug[0m] [0m[0m> Exec(onFailure loadFailed, None, None)[0m
[0m[[0m[0mdebug[0m] [0m[0m> Exec(loadp, None, None)[0m
[0m[[0m[0minfo[0m] [0m[0mwelcome to sbt 1.8.2 (Oracle Corporation Java 1.8.0_351)[0m
[0m[[0m[0mdebug[0m] [0m[0m      Load.loadUnit: plugins took 259.1426ms[0m
[0m[[0m[0mdebug[0m] [0m[0m      Load.loadUnit: defsScala took 0.7915ms[0m
[0m[[0m[0mdebug[0m] [0m[0m[Loading] Scanning directory C:\Users\Eng 02\.sbt\1.0\plugins[0m
[0m[[0m[0mdebug[0m] [0m[0m[Loading] Found non-root projects [0m
[0m[[0m[0mdebug[0m] [0m[0m[Loading] Done in C:\Users\Eng 02\.sbt\1.0\plugins, returning: ()[0m
[0m[[0m[0mdebug[0m] [0m[0mdeducing auto plugins based on known facts Set(Atom(sbt.plugins.CorePlugin)) and clauses Clauses(Clause(Atom(sbt.plugins.JvmPlugin),Set(Atom(sbt.plugins.IvyPlugin)))[0m
[0m[[0m[0mdebug[0m] [0m[0mClause(Atom(sbt.ScriptedPlugin),Set(Atom(sbt.plugins.JvmPlugin)))[0m
[0m[[0m[0mdebug[0m] [0m[0mClause(Atom(sbt.plugins.SbtPlugin),Set(Atom(sbt.ScriptedPlugin)))[0m
[0m[[0m[0mdebug[0m] [0m[0mClause(Atom(sbt.plugins.SemanticdbPlugin),Set(Atom(sbt.plugins.JvmPlugin)))[0m
[0m[[0m[0mdebug[0m] [0m[0mClause(Atom(sbt.plugins.JUnitXmlReportPlugin),Set(Atom(sbt.plugins.JvmPlugin)))[0m
[0m[[0m[0mdebug[0m] [0m[0mClause(Atom(sbt.plugins.MiniDependencyTreePlugin),Set(Atom(sbt.plugins.JvmPlugin)))[0m
[0m[[0m[0mdebug[0m] [0m[0mClause(Atom(sbt.plugins.CorePlugin),Set(Atom(sbt.plugins.IvyPlugin)))[0m
[0m[[0m[0mdebug[0m] [0m[0mClause(Atom(sbt.plugins.IvyPlugin),Set(Atom(sbt.plugins.JvmPlugin)))[0m
[0m[[0m[0mdebug[0m] [0m[0mClause(Atom(sbt.plugins.JvmPlugin),Set(Atom(sbt.plugins.SemanticdbPlugin)))[0m
[0m[[0m[0mdebug[0m] [0m[0mClause(Atom(sbt.plugins.JvmPlugin),Set(Atom(sbt.plugins.JUnitXmlReportPlugin)))[0m
[0m[[0m[0mdebug[0m] [0m[0mClause(Atom(sbt.plugins.CorePlugin),Set(Atom(sbt.plugins.Giter8TemplatePlugin)))[0m
[0m[[0m[0mdebug[0m] [0m[0mClause(Atom(sbt.plugins.JvmPlugin),Set(Atom(sbt.plugins.MiniDependencyTreePlugin))))[0m
[0m[[0m[0mdebug[0m] [0m[0m  :: deduced result: Matched(sbt.plugins.CorePlugin,sbt.plugins.Giter8TemplatePlugin,sbt.plugins.IvyPlugin,sbt.plugins.JvmPlugin,sbt.plugins.MiniDependencyTreePlugin,sbt.plugins.JUnitXmlReportPlugin,sbt.plugins.SemanticdbPlugin)[0m
[0m[[0m[0mdebug[0m] [0m[0mPlugins.deducer#function took 43.2619 ms[0m
[0m[[0m[0mdebug[0m] [0m[0m          Load.resolveProject(global-plugins) took 105.7963ms[0m
[0m[[0m[0mdebug[0m] [0m[0m        Load.loadTransitive: finalizeProject(Project(id global-plugins, base: C:\Users\Eng 02\.sbt\1.0\plugins, plugins: List(<none>))) took 214.5114ms[0m
[0m[[0m[0mdebug[0m] [0m[0m[Loading] Done in C:\Users\Eng 02\.sbt\1.0\plugins, returning: (global-plugins)[0m
[0m[[0m[0mdebug[0m] [0m[0m      Load.loadUnit: loadedProjectsRaw took 685.7689ms[0m
[0m[[0m[0mdebug[0m] [0m[0m      Load.loadUnit: cleanEvalClasses took 0.5638ms[0m
[0m[[0m[0mdebug[0m] [0m[0m    Load.loadUnit(file:/C:/Users/Eng%2002/.sbt/1.0/plugins/, ...) took 968.7645ms[0m
[0m[[0m[0mdebug[0m] [0m[0m  Load.apply: load took 1339.2402ms[0m
[0m[[0m[0mdebug[0m] [0m[0m  Load.apply: resolveProjects took 17.1216ms[0m
[0m[[0m[0mdebug[0m] [0m[0m  Load.apply: finalTransforms took 151.2715ms[0m
[0m[[0m[0mdebug[0m] [0m[0m  Load.apply: config.delegates took 21.0911ms[0m
[0m[[0m[0mdebug[0m] [0m[0m  Load.apply: Def.make(settings)... took 1436.4422ms[0m
[0m[[0m[0mdebug[0m] [0m[0m  Load.apply: structureIndex took 312.5532ms[0m
[0m[[0m[0mdebug[0m] [0m[0m  Load.apply: mkStreams took 3.4401ms[0m
[0m[[0m[0minfo[0m] [0m[0mloading global plugins from C:\Users\Eng 02\.sbt\1.0\plugins[0m
[0m[[0m[0mdebug[0m] [0m[0mRunning task... Cancel: Signal, check cycles: false, forcegc: true[0m
[0m[[0m[0mdebug[0m] [0m[0mLoad.defaultLoad until apply took 9023.0899ms[0m
[0m[[0m[0mdebug[0m] [0m[0m          Load.loadUnit: plugins took 319.5272ms[0m
[0m[[0m[0mdebug[0m] [0m[0m          Load.loadUnit: defsScala took 0.0075ms[0m
[0m[[0m[0mdebug[0m] [0m[0m[Loading] Scanning directory C:\Users\Eng 02\Desktop\ParaProject\project[0m
[0m[[0m[0mdebug[0m] [0m[0m            Load.loadUnit: mkEval took 18.7586ms[0m
[0m[[0m[0mdebug[0m] [0m[0m[Loading] Found non-root projects [0m
[0m[[0m[0mdebug[0m] [0m[0m[Loading] Done in C:\Users\Eng 02\Desktop\ParaProject\project, returning: ()[0m
[0m[[0m[0mdebug[0m] [0m[0mdeducing auto plugins based on known facts Set(Atom(sbt.plugins.CorePlugin)) and clauses Clauses(Clause(Atom(sbt.plugins.JvmPlugin),Set(Atom(sbt.plugins.IvyPlugin)))[0m
[0m[[0m[0mdebug[0m] [0m[0mClause(Atom(sbt.ScriptedPlugin),Set(Atom(sbt.plugins.JvmPlugin)))[0m
[0m[[0m[0mdebug[0m] [0m[0mClause(Atom(sbt.plugins.SbtPlugin),Set(Atom(sbt.ScriptedPlugin)))[0m
[0m[[0m[0mdebug[0m] [0m[0mClause(Atom(sbt.plugins.SemanticdbPlugin),Set(Atom(sbt.plugins.JvmPlugin)))[0m
[0m[[0m[0mdebug[0m] [0m[0mClause(Atom(sbt.plugins.JUnitXmlReportPlugin),Set(Atom(sbt.plugins.JvmPlugin)))[0m
[0m[[0m[0mdebug[0m] [0m[0mClause(Atom(sbt.plugins.MiniDependencyTreePlugin),Set(Atom(sbt.plugins.JvmPlugin)))[0m
[0m[[0m[0mdebug[0m] [0m[0mClause(Atom(sbt.plugins.CorePlugin),Set(Atom(sbt.plugins.IvyPlugin)))[0m
[0m[[0m[0mdebug[0m] [0m[0mClause(Atom(sbt.plugins.IvyPlugin),Set(Atom(sbt.plugins.JvmPlugin)))[0m
[0m[[0m[0mdebug[0m] [0m[0mClause(Atom(sbt.plugins.JvmPlugin),Set(Atom(sbt.plugins.SemanticdbPlugin)))[0m
[0m[[0m[0mdebug[0m] [0m[0mClause(Atom(sbt.plugins.JvmPlugin),Set(Atom(sbt.plugins.JUnitXmlReportPlugin)))[0m
[0m[[0m[0mdebug[0m] [0m[0mClause(Atom(sbt.plugins.CorePlugin),Set(Atom(sbt.plugins.Giter8TemplatePlugin)))[0m
[0m[[0m[0mdebug[0m] [0m[0mClause(Atom(sbt.plugins.JvmPlugin),Set(Atom(sbt.plugins.MiniDependencyTreePlugin))))[0m
[0m[[0m[0mdebug[0m] [0m[0m  :: deduced result: Matched(sbt.plugins.CorePlugin,sbt.plugins.Giter8TemplatePlugin,sbt.plugins.IvyPlugin,sbt.plugins.JvmPlugin,sbt.plugins.MiniDependencyTreePlugin,sbt.plugins.JUnitXmlReportPlugin,sbt.plugins.SemanticdbPlugin)[0m
[0m[[0m[0mdebug[0m] [0m[0mPlugins.deducer#function took 5.5272 ms[0m
[0m[[0m[0minfo[0m] [0m[0mloading settings for project paraproject-build from plugins.sbt ...[0m
[0m[[0m[0mdebug[0m] [0m[0m              Load.resolveProject(paraproject-build) took 22.94ms[0m
[0m[[0m[0mdebug[0m] [0m[0m            Load.loadTransitive: finalizeProject(Project(id paraproject-build, base: C:\Users\Eng 02\Desktop\ParaProject\project, plugins: List(<none>))) took 29.507ms[0m
[0m[[0m[0mdebug[0m] [0m[0m[Loading] Done in C:\Users\Eng 02\Desktop\ParaProject\project, returning: (paraproject-build)[0m
[0m[[0m[0mdebug[0m] [0m[0m          Load.loadUnit: loadedProjectsRaw took 6113.7012ms[0m
[0m[[0m[0mdebug[0m] [0m[0m          Load.loadUnit: cleanEvalClasses took 30.9888ms[0m
[0m[[0m[0mdebug[0m] [0m[0m        Load.loadUnit(file:/C:/Users/Eng%2002/Desktop/ParaProject/project/, ...) took 6466.4563ms[0m
[0m[[0m[0mdebug[0m] [0m[0m      Load.apply: load took 6473.7123ms[0m
[0m[[0m[0mdebug[0m] [0m[0m      Load.apply: resolveProjects took 0.2828ms[0m
[0m[[0m[0mdebug[0m] [0m[0m      Load.apply: finalTransforms took 25.158ms[0m
[0m[[0m[0mdebug[0m] [0m[0m      Load.apply: config.delegates took 1.5707ms[0m
[0m[[0m[0mdebug[0m] [0m[0m      Load.apply: Def.make(settings)... took 276.0816ms[0m
[0m[[0m[0mdebug[0m] [0m[0m      Load.apply: structureIndex took 95.1819ms[0m
[0m[[0m[0mdebug[0m] [0m[0m      Load.apply: mkStreams took 0.0065ms[0m
[0m[[0m[0minfo[0m] [0m[0mloading project definition from C:\Users\Eng 02\Desktop\ParaProject\project[0m
[0m[[0m[0mdebug[0m] [0m[0mRunning task... Cancel: Signal, check cycles: false, forcegc: true[0m
[0m[[0m[0minfo[0m] [0m[0mUpdating [0m
[0m[[0m[0minfo[0m] [0m[0mResolved  dependencies[0m
[0m[[0m[33mwarn[0m] [0m[0m[0m
[0m[[0m[33mwarn[0m] [0m[0m	Note: Some unresolved dependencies have extra attributes.  Check that these dependencies exist with the requested attributes.[0m
[0m[[0m[33mwarn[0m] [0m[0m		com.eed3si9n:sbt-assembly:0.12.0 (sbtVersion=1.0, scalaVersion=2.12)[0m
[0m[[0m[33mwarn[0m] [0m[0m[0m
[0m[[0m[33mwarn[0m] [0m[0m	Note: Unresolved dependencies path:[0m
[0m[[0m[31merror[0m] [0m[0msbt.librarymanagement.ResolveException: Error downloading com.eed3si9n:sbt-assembly;sbtVersion=1.0;scalaVersion=2.12:0.12.0[0m
[0m[[0m[31merror[0m] [0m[0m  Not found[0m
[0m[[0m[31merror[0m] [0m[0m  Not found[0m
[0m[[0m[31merror[0m] [0m[0m  not found: https://repo1.maven.org/maven2/com/eed3si9n/sbt-assembly_2.12_1.0/0.12.0/sbt-assembly-0.12.0.pom[0m
[0m[[0m[31merror[0m] [0m[0m  not found: C:\Users\Eng 02\.ivy2\localcom.eed3si9n\sbt-assembly\scala_2.12\sbt_1.0\0.12.0\ivys\ivy.xml[0m
[0m[[0m[31merror[0m] [0m[0m  not found: https://repo.scala-sbt.org/scalasbt/sbt-plugin-releases/com.eed3si9n/sbt-assembly/scala_2.12/sbt_1.0/0.12.0/ivys/ivy.xml[0m
[0m[[0m[31merror[0m] [0m[0m  not found: https://repo.typesafe.com/typesafe/ivy-releases/com.eed3si9n/sbt-assembly/scala_2.12/sbt_1.0/0.12.0/ivys/ivy.xml[0m
[0m[[0m[31merror[0m] [0m[0m	at lmcoursier.CoursierDependencyResolution.unresolvedWarningOrThrow(CoursierDependencyResolution.scala:344)[0m
[0m[[0m[31merror[0m] [0m[0m	at lmcoursier.CoursierDependencyResolution.$anonfun$update$38(CoursierDependencyResolution.scala:313)[0m
[0m[[0m[31merror[0m] [0m[0m	at scala.util.Either$LeftProjection.map(Either.scala:573)[0m
[0m[[0m[31merror[0m] [0m[0m	at lmcoursier.CoursierDependencyResolution.update(CoursierDependencyResolution.scala:313)[0m
[0m[[0m[31merror[0m] [0m[0m	at sbt.librarymanagement.DependencyResolution.update(DependencyResolution.scala:60)[0m
[0m[[0m[31merror[0m] [0m[0m	at sbt.internal.LibraryManagement$.resolve$1(LibraryManagement.scala:59)[0m
[0m[[0m[31merror[0m] [0m[0m	at sbt.internal.LibraryManagement$.$anonfun$cachedUpdate$12(LibraryManagement.scala:133)[0m
[0m[[0m[31merror[0m] [0m[0m	at sbt.util.Tracked$.$anonfun$lastOutput$1(Tracked.scala:73)[0m
[0m[[0m[31merror[0m] [0m[0m	at sbt.internal.LibraryManagement$.$anonfun$cachedUpdate$20(LibraryManagement.scala:146)[0m
[0m[[0m[31merror[0m] [0m[0m	at scala.util.control.Exception$Catch.apply(Exception.scala:228)[0m
[0m[[0m[31merror[0m] [0m[0m	at sbt.internal.LibraryManagement$.$anonfun$cachedUpdate$11(LibraryManagement.scala:146)[0m
[0m[[0m[31merror[0m] [0m[0m	at sbt.internal.LibraryManagement$.$anonfun$cachedUpdate$11$adapted(LibraryManagement.scala:127)[0m
[0m[[0m[31merror[0m] [0m[0m	at sbt.util.Tracked$.$anonfun$inputChangedW$1(Tracked.scala:219)[0m
[0m[[0m[31merror[0m] [0m[0m	at sbt.internal.LibraryManagement$.cachedUpdate(LibraryManagement.scala:160)[0m
[0m[[0m[31merror[0m] [0m[0m	at sbt.Classpaths$.$anonfun$updateTask0$1(Defaults.scala:3687)[0m
[0m[[0m[31merror[0m] [0m[0m	at scala.Function1.$anonfun$compose$1(Function1.scala:49)[0m
[0m[[0m[31merror[0m] [0m[0m	at sbt.internal.util.$tilde$greater.$anonfun$$u2219$1(TypeFunctions.scala:62)[0m
[0m[[0m[31merror[0m] [0m[0m	at sbt.std.Transform$$anon$4.work(Transform.scala:68)[0m
[0m[[0m[31merror[0m] [0m[0m	at sbt.Execute.$anonfun$submit$2(Execute.scala:282)[0m
[0m[[0m[31merror[0m] [0m[0m	at sbt.internal.util.ErrorHandling$.wideConvert(ErrorHandling.scala:23)[0m
[0m[[0m[31merror[0m] [0m[0m	at sbt.Execute.work(Execute.scala:291)[0m
[0m[[0m[31merror[0m] [0m[0m	at sbt.Execute.$anonfun$submit$1(Execute.scala:282)[0m
[0m[[0m[31merror[0m] [0m[0m	at sbt.ConcurrentRestrictions$$anon$4.$anonfun$submitValid$1(ConcurrentRestrictions.scala:265)[0m
[0m[[0m[31merror[0m] [0m[0m	at sbt.CompletionService$$anon$2.call(CompletionService.scala:64)[0m
[0m[[0m[31merror[0m] [0m[0m	at java.util.concurrent.FutureTask.run(FutureTask.java:266)[0m
[0m[[0m[31merror[0m] [0m[0m	at java.util.concurrent.Executors$RunnableAdapter.call(Executors.java:511)[0m
[0m[[0m[31merror[0m] [0m[0m	at java.util.concurrent.FutureTask.run(FutureTask.java:266)[0m
[0m[[0m[31merror[0m] [0m[0m	at java.util.concurrent.ThreadPoolExecutor.runWorker(ThreadPoolExecutor.java:1149)[0m
[0m[[0m[31merror[0m] [0m[0m	at java.util.concurrent.ThreadPoolExecutor$Worker.run(ThreadPoolExecutor.java:624)[0m
[0m[[0m[31merror[0m] [0m[0m	at java.lang.Thread.run(Thread.java:750)[0m
[0m[[0m[31merror[0m] [0m[0m([31mupdate[0m) sbt.librarymanagement.ResolveException: Error downloading com.eed3si9n:sbt-assembly;sbtVersion=1.0;scalaVersion=2.12:0.12.0[0m
[0m[[0m[31merror[0m] [0m[0m  Not found[0m
[0m[[0m[31merror[0m] [0m[0m  Not found[0m
[0m[[0m[31merror[0m] [0m[0m  not found: https://repo1.maven.org/maven2/com/eed3si9n/sbt-assembly_2.12_1.0/0.12.0/sbt-assembly-0.12.0.pom[0m
[0m[[0m[31merror[0m] [0m[0m  not found: C:\Users\Eng 02\.ivy2\localcom.eed3si9n\sbt-assembly\scala_2.12\sbt_1.0\0.12.0\ivys\ivy.xml[0m
[0m[[0m[31merror[0m] [0m[0m  not found: https://repo.scala-sbt.org/scalasbt/sbt-plugin-releases/com.eed3si9n/sbt-assembly/scala_2.12/sbt_1.0/0.12.0/ivys/ivy.xml[0m
[0m[[0m[31merror[0m] [0m[0m  not found: https://repo.typesafe.com/typesafe/ivy-releases/com.eed3si9n/sbt-assembly/scala_2.12/sbt_1.0/0.12.0/ivys/ivy.xml[0m
[0m[[0m[0mdebug[0m] [0m[0m> Exec(loadFailed, None, None)[0m
[0m[[0m[33mwarn[0m] [0m[0mProject loading failed: (r)etry, (q)uit, (l)ast, or (i)gnore? (default: r)[0m
